<?xml version="1.0" encoding="utf-8"?><testsuites name="pytest tests"><testsuite name="pytest" errors="0" failures="0" skipped="0" tests="3" time="0.916" timestamp="2026-08-11T14:54:06.599383+00:00" hostname="agent-env-fc2efb28-5ba5-4450-9485-e4a7c2d094fe"><testcase classname="tests.test_public_api" name="test_root_ready" time="0.169" /><testcase classname="tests.test_public_api" name="test_contact_validation" time="0.212" /><testcase classname="tests.test_public_api" name="test_contact_persists_message" time="0.089" /></testsuite></testsuites>